<?xml version="1.0" encoding="UTF-8"?>
<!-- Generated by org.testng.reporters.JUnitXMLReporter -->
<testsuite ignored="0" hostname="lin80034893" failures="0" tests="2" name="Regression_Test" time="26.479" errors="0" timestamp="2023-01-16T17:02:33 IST">
  <testcase classname="com.actitime.tests.LoginTest" name="loginPageErrorTest" time="0.0">
    <skipped/>
  </testcase> <!-- loginPageErrorTest -->
  <testcase classname="com.actitime.tests.LoginTest" name="loginPageTest" time="0.0">
    <skipped/>
  </testcase> <!-- loginPageTest -->
</testsuite> <!-- Regression_Test -->
